2022-10-12T14:31:52+00:00 CRITICAL Uncaught Error: Call to undefined function et_builder_get_fonts() in /var/www/html/medismart.net/public_html/wp-content/themes/Divi/functions.php:207
Stack trace:
#0 /var/www/html/medismart.net/public_html/wp-content/themes/Divi/functions.php(229): et_divi_fonts_url()
#1 /var/www/html/medismart.net/public_html/wp-includes/class-wp-hook.php(307): et_divi_load_fonts()
#2 /var/www/html/medismart.net/public_html/wp-includes/class-wp-hook.php(331): WP_Hook->apply_filters()
#3 /var/www/html/medismart.net/public_html/wp-includes/plugin.php(476): WP_Hook->do_action()
#4 /var/www/html/medismart.net/public_html/wp-includes/script-loader.php(2156): do_action()
#5 /var/www/html/medismart.net/public_html/wp-includes/class-wp-hook.php(307): wp_enqueue_scripts()
#6 /var/www/html/medismart.net/public_html/wp-includes/class-wp-hook.php(331): WP_Hook->apply_filters()
#7 /var/www/html/medismart.net/public_html/wp-includes/plugin.php(476): WP_Hook->do_action()
#8 /var/www/html/medismart.net/public_html/wp-includes/general-templa en /var/www/html/medismart.net/public_html/wp-content/themes/Divi/functions.php en la línea 207

2022-10-12T20:01:37+00:00 CRITICAL Uncaught Error: Call to undefined function et_builder_get_fonts() in /var/www/html/medismart.net/public_html/wp-content/themes/Divi/functions.php:207
Stack trace:
#0 /var/www/html/medismart.net/public_html/wp-content/themes/Divi/functions.php(229): et_divi_fonts_url()
#1 /var/www/html/medismart.net/public_html/wp-includes/class-wp-hook.php(307): et_divi_load_fonts()
#2 /var/www/html/medismart.net/public_html/wp-includes/class-wp-hook.php(331): WP_Hook->apply_filters()
#3 /var/www/html/medismart.net/public_html/wp-includes/plugin.php(476): WP_Hook->do_action()
#4 /var/www/html/medismart.net/public_html/wp-includes/script-loader.php(2156): do_action()
#5 /var/www/html/medismart.net/public_html/wp-includes/class-wp-hook.php(307): wp_enqueue_scripts()
#6 /var/www/html/medismart.net/public_html/wp-includes/class-wp-hook.php(331): WP_Hook->apply_filters()
#7 /var/www/html/medismart.net/public_html/wp-includes/plugin.php(476): WP_Hook->do_action()
#8 /var/www/html/medismart.net/public_html/wp-includes/general-templa en /var/www/html/medismart.net/public_html/wp-content/themes/Divi/functions.php en la línea 207

